E:\GIT\PACKDESIGN\SQUNGUARD\SQUNGUARD\DEBUG\SQUNGUARD.PCH
E:\GIT\PACKDESIGN\SQUNGUARD\SQUNGUARD\DEBUG\STDAFX.OBJ
E:\GIT\PACKDESIGN\SQUNGUARD\SQUNGUARD\DEBUG\VC110.PDB
E:\GIT\PACKDESIGN\SQUNGUARD\SQUNGUARD\DEBUG\SQUNGUARD.OBJ
E:\GIT\PACKDESIGN\SQUNGUARD\DEBUG\SQUNGUARD.ILK
E:\GIT\PACKDESIGN\SQUNGUARD\DEBUG\SQUNGUARD.EXE
E:\GIT\PACKDESIGN\SQUNGUARD\DEBUG\SQUNGUARD.PDB
E:\GIT\PACKDESIGN\SQUNGUARD\SQUNGUARD\DEBUG\SQUNGUARD.RES
E:\Git\PackDesign\SqunGuard\SqunGuard\Debug\SqunGuard.obj
E:\Git\PackDesign\SqunGuard\SqunGuard\Debug\stdafx.obj
E:\Git\PackDesign\SqunGuard\SqunGuard\Debug\cl.command.1.tlog
E:\Git\PackDesign\SqunGuard\SqunGuard\Debug\CL.read.1.tlog
E:\Git\PackDesign\SqunGuard\SqunGuard\Debug\CL.write.1.tlog
E:\Git\PackDesign\SqunGuard\SqunGuard\Debug\link-cvtres.read.1.tlog
E:\Git\PackDesign\SqunGuard\SqunGuard\Debug\link-cvtres.write.1.tlog
E:\Git\PackDesign\SqunGuard\SqunGuard\Debug\link-mt.read.1.tlog
E:\Git\PackDesign\SqunGuard\SqunGuard\Debug\link-mt.write.1.tlog
E:\Git\PackDesign\SqunGuard\SqunGuard\Debug\link-rc.read.1.tlog
E:\Git\PackDesign\SqunGuard\SqunGuard\Debug\link-rc.write.1.tlog
E:\Git\PackDesign\SqunGuard\SqunGuard\Debug\link.8052-cvtres.read.1.tlog
E:\Git\PackDesign\SqunGuard\SqunGuard\Debug\link.8052-cvtres.write.1.tlog
E:\Git\PackDesign\SqunGuard\SqunGuard\Debug\link.8052-mt.read.1.tlog
E:\Git\PackDesign\SqunGuard\SqunGuard\Debug\link.8052-mt.write.1.tlog
E:\Git\PackDesign\SqunGuard\SqunGuard\Debug\link.8052-rc.read.1.tlog
E:\Git\PackDesign\SqunGuard\SqunGuard\Debug\link.8052-rc.write.1.tlog
E:\Git\PackDesign\SqunGuard\SqunGuard\Debug\link.8052.read.1.tlog
E:\Git\PackDesign\SqunGuard\SqunGuard\Debug\link.8052.write.1.tlog
E:\Git\PackDesign\SqunGuard\SqunGuard\Debug\link.command.1.tlog
E:\Git\PackDesign\SqunGuard\SqunGuard\Debug\link.read.1.tlog
E:\Git\PackDesign\SqunGuard\SqunGuard\Debug\link.write.1.tlog
E:\Git\PackDesign\SqunGuard\SqunGuard\Debug\rc.command.1.tlog
E:\Git\PackDesign\SqunGuard\SqunGuard\Debug\rc.read.1.tlog
E:\Git\PackDesign\SqunGuard\SqunGuard\Debug\rc.write.1.tlog
E:\Git\PackDesign\SqunGuard\SqunGuard\Debug\SqunGuard.res
E:\Git\PackDesign\SqunGuard\SqunGuard\Debug\SqunGuard.pch
E:\Git\PackDesign\SqunGuard\SqunGuard\Debug\vc110.idb
E:\Git\PackDesign\SqunGuard\SqunGuard\Debug\vc110.pdb
E:\Git\PackDesign\SqunGuard\Debug\SqunGuard.pdb
E:\Git\PackDesign\SqunGuard\Debug\SqunGuard.exe
E:\Git\PackDesign\SqunGuard\Debug\SqunGuard.ilk
