C:\USERS\BASE\DESKTOP\DEMOSHELL\DEMOSHELL\DEBUG\PE-ARMOR.OBJ
C:\USERS\BASE\DESKTOP\DEMOSHELL\DEMOSHELL\DEBUG\VC110.PDB
C:\Users\base\Desktop\DemoShell\DemoShell\Debug\shell.obj
C:\USERS\BASE\DESKTOP\DEMOSHELL\DEBUG\DEMOSHELL.ILK
C:\USERS\BASE\DESKTOP\DEMOSHELL\DEBUG\DEMOSHELL.EXE
C:\USERS\BASE\DESKTOP\DEMOSHELL\DEBUG\DEMOSHELL.PDB
C:\USERS\BASE\DESKTOP\DEMOSHELL\DEMOSHELL\DEBUG\DIALOG.RES
F:\GitHub\OuterShell\DemoShell\Debug\cl.command.1.tlog
F:\GitHub\OuterShell\DemoShell\Debug\CL.read.1.tlog
F:\GitHub\OuterShell\DemoShell\Debug\CL.write.1.tlog
F:\GitHub\OuterShell\DemoShell\Debug\DemoShell.write.1.tlog
F:\GitHub\OuterShell\DemoShell\Debug\link-cvtres.read.1.tlog
F:\GitHub\OuterShell\DemoShell\Debug\link-cvtres.write.1.tlog
F:\GitHub\OuterShell\DemoShell\Debug\link-rc.read.1.tlog
F:\GitHub\OuterShell\DemoShell\Debug\link-rc.write.1.tlog
F:\GitHub\OuterShell\DemoShell\Debug\link.command.1.tlog
F:\GitHub\OuterShell\DemoShell\Debug\link.read.1.tlog
F:\GitHub\OuterShell\DemoShell\Debug\link.write.1.tlog
F:\GitHub\OuterShell\DemoShell\Debug\rc.command.1.tlog
F:\GitHub\OuterShell\DemoShell\Debug\rc.read.1.tlog
F:\GitHub\OuterShell\DemoShell\Debug\rc.write.1.tlog
F:\GitHub\OuterShell\DemoShell\Debug\vc110.idb
