生成启动时间为 2014-04-20 星期日 15:07:31。
     1>项目“F:\GitHub\OuterShell\DemoShell\DemoShell.vcxproj”在节点 2 上(Rebuild 个目标)。
     1>_MASM:
         Assembling shell.asm...
         cmd.exe /C "C:\Users\base\AppData\Local\Temp\tmp7495966491924dcb825f905d3552eeda.cmd"
         ml.exe /c /nologo /Zi /Fo"Debug\shell.obj" /W3 /errorReport:prompt  /Tashell.asm
       ClCompile:
         C:\Program Files (x86)\Microsoft Visual Studio 11.0\VC\bin\CL.exe /c /Iaplib.lib /ZI /nologo /W3 /WX- /Od /Oy- /D _MBCS /Gm /EHsc /RTC1 /MDd /GS /fp:precise /Zc:wchar_t /Zc:forScope /Fo"Debug\\" /Fd"Debug\vc110.pdb" /Gd /TP /analyze- /errorReport:prompt "PE-Armor.cpp"
         PE-Armor.cpp
     1>f:\github\outershell\demoshell\pediy.h(97): warning C4996: 'strcat': This function or variable may be unsafe. Consider using strcat_s instead. To disable deprecation, use _CRT_SECURE_NO_WARNINGS. See online help for details.
                 c:\program files (x86)\microsoft visual studio 11.0\vc\include\string.h(115) : 参见“strcat”的声明
     1>f:\github\outershell\demoshell\pediy.h(99): warning C4996: 'strcat': This function or variable may be unsafe. Consider using strcat_s instead. To disable deprecation, use _CRT_SECURE_NO_WARNINGS. See online help for details.
                 c:\program files (x86)\microsoft visual studio 11.0\vc\include\string.h(115) : 参见“strcat”的声明
     1>f:\github\outershell\demoshell\protthefile.h(70): warning C4996: 'strcpy': This function or variable may be unsafe. Consider using strcpy_s instead. To disable deprecation, use _CRT_SECURE_NO_WARNINGS. See online help for details.
                 c:\program files (x86)\microsoft visual studio 11.0\vc\include\string.h(110) : 参见“strcpy”的声明
     1>f:\github\outershell\demoshell\protthefile.h(71): warning C4996: 'strcat': This function or variable may be unsafe. Consider using strcat_s instead. To disable deprecation, use _CRT_SECURE_NO_WARNINGS. See online help for details.
                 c:\program files (x86)\microsoft visual studio 11.0\vc\include\string.h(115) : 参见“strcat”的声明
       ResourceCompile:
         C:\Program Files (x86)\Windows Kits\8.0\bin\x86\rc.exe /l"0x0409" /nologo /fo"Debug\dialog.res" dialog.rc 
       Link:
         C:\Program Files (x86)\Microsoft Visual Studio 11.0\VC\bin\link.exe /ERRORREPORT:PROMPT /OUT:"F:\GitHub\OuterShell\Debug\OuterShell.exe" /NOLOGO /LIBPATH:aplib.lib kernel32.lib user32.lib gdi32.lib winspool.lib comdlg32.lib advapi32.lib shell32.lib ole32.lib oleaut32.lib uuid.lib odbc32.lib odbccp32.lib /MANIFEST /MANIFESTUAC:"level='asInvoker' uiAccess='false'" /manifest:embed /DEBUG /PDB:"F:\GitHub\OuterShell\Debug\OuterShell.pdb" /TLBID:1 /DYNAMICBASE /NXCOMPAT /IMPLIB:"F:\GitHub\OuterShell\Debug\OuterShell.lib" /MACHINE:X86 /SAFESEH /SAFESEH:NO Debug\dialog.res
         "Debug\PE-Armor.obj"
         aplib.lib
         Debug\shell.obj
         DemoShell.vcxproj -> F:\GitHub\OuterShell\Debug\OuterShell.exe
     1>已完成生成项目“F:\GitHub\OuterShell\DemoShell\DemoShell.vcxproj”(Rebuild 个目标)的操作。

生成成功。

已用时间 00:00:02.23
