F:\GITHUB\OUTERSHELL\OUTERSHELL\DEBUG\OUTERSHELL.OBJ
F:\GITHUB\OUTERSHELL\OUTERSHELL\DEBUG\VC110.PDB
F:\GITHUB\OUTERSHELL\DEBUG\OUTERSHELL.ILK
F:\GITHUB\OUTERSHELL\DEBUG\OUTERSHELL.EXE
F:\GITHUB\OUTERSHELL\DEBUG\OUTERSHELL.PDB
F:\GitHub\OuterShell\OuterShell\Debug\shell.obj
F:\GITHUB\OUTERSHELL\OUTERSHELL\DEBUG\OUTERSHELL.RES
F:\GitHub\OuterShell\OuterShell\Debug\OuterShell.obj
F:\GitHub\OuterShell\OuterShell\Debug\cl.command.1.tlog
F:\GitHub\OuterShell\OuterShell\Debug\CL.read.1.tlog
F:\GitHub\OuterShell\OuterShell\Debug\CL.write.1.tlog
F:\GitHub\OuterShell\OuterShell\Debug\link-cvtres.read.1.tlog
F:\GitHub\OuterShell\OuterShell\Debug\link-cvtres.write.1.tlog
F:\GitHub\OuterShell\OuterShell\Debug\link-rc.read.1.tlog
F:\GitHub\OuterShell\OuterShell\Debug\link-rc.write.1.tlog
F:\GitHub\OuterShell\OuterShell\Debug\link.command.1.tlog
F:\GitHub\OuterShell\OuterShell\Debug\link.read.1.tlog
F:\GitHub\OuterShell\OuterShell\Debug\link.write.1.tlog
F:\GitHub\OuterShell\OuterShell\Debug\OuterShell.write.1.tlog
F:\GitHub\OuterShell\OuterShell\Debug\rc.command.1.tlog
F:\GitHub\OuterShell\OuterShell\Debug\rc.read.1.tlog
F:\GitHub\OuterShell\OuterShell\Debug\rc.write.1.tlog
F:\GitHub\OuterShell\OuterShell\Debug\OuterShell.res
F:\GitHub\OuterShell\OuterShell\Debug\vc110.idb
F:\GitHub\OuterShell\OuterShell\Debug\vc110.pdb
F:\GitHub\OuterShell\Debug\OuterShell.pdb
F:\GitHub\OuterShell\Debug\OuterShell.exe
F:\GitHub\OuterShell\Debug\OuterShell.ilk
